c:\users\hasan\desktop\tr-123\huffmanandheapsort\huffmanandheapsort\debug\huffmanandheapsort.pdb
c:\users\hasan\desktop\tr-123\huffmanandheapsort\huffmanandheapsort\debug\huffmanandheapsort.idb
c:\users\hasan\desktop\tr-123\huffmanandheapsort\huffmanandheapsort\debug\huffmansource.obj
c:\users\hasan\desktop\tr-123\huffmanandheapsort\huffmanandheapsort\debug\huffmanandheapsort.obj
c:\users\hasan\desktop\tr-123\huffmanandheapsort\huffmanandheapsort\debug\heapsource.obj
c:\users\hasan\desktop\tr-123\huffmanandheapsort\huffmanandheapsort\debug\vc142.pdb
c:\users\hasan\desktop\tr-123\huffmanandheapsort\huffmanandheapsort\debug\vc142.idb
c:\users\hasan\desktop\tr-123\huffmanandheapsort\huffmanandheapsort\debug\heapdatasource.obj
c:\users\hasan\desktop\tr-123\huffmanandheapsort\debug\huffmanandheapsort.lib
c:\users\hasan\desktop\tr-123\huffmanandheapsort\debug\huffmanandheapsort.ilk
c:\users\hasan\desktop\tr-123\huffmanandheapsort\debug\huffmanandheapsort.exe
c:\users\hasan\desktop\tr-123\huffmanandheapsort\debug\huffmanandheapsort.pdb
c:\users\hasan\desktop\tr-123\huffmanandheapsort\huffmanandheapsort\debug\huffmana.04437f93.tlog\cl.command.1.tlog
c:\users\hasan\desktop\tr-123\huffmanandheapsort\huffmanandheapsort\debug\huffmana.04437f93.tlog\cl.read.1.tlog
c:\users\hasan\desktop\tr-123\huffmanandheapsort\huffmanandheapsort\debug\huffmana.04437f93.tlog\cl.write.1.tlog
c:\users\hasan\desktop\tr-123\huffmanandheapsort\huffmanandheapsort\debug\huffmana.04437f93.tlog\huffmanandheapsort.write.1u.tlog
c:\users\hasan\desktop\tr-123\huffmanandheapsort\huffmanandheapsort\debug\huffmana.04437f93.tlog\lib-link.read.1.tlog
c:\users\hasan\desktop\tr-123\huffmanandheapsort\huffmanandheapsort\debug\huffmana.04437f93.tlog\lib-link.write.1.tlog
c:\users\hasan\desktop\tr-123\huffmanandheapsort\huffmanandheapsort\debug\huffmana.04437f93.tlog\lib.command.1.tlog
c:\users\hasan\desktop\tr-123\huffmanandheapsort\huffmanandheapsort\debug\huffmana.04437f93.tlog\link.command.1.tlog
c:\users\hasan\desktop\tr-123\huffmanandheapsort\huffmanandheapsort\debug\huffmana.04437f93.tlog\link.read.1.tlog
c:\users\hasan\desktop\tr-123\huffmanandheapsort\huffmanandheapsort\debug\huffmana.04437f93.tlog\link.write.1.tlog
